<?xml version="1.0" encoding="utf-8"?><testsuites name="pytest tests"><testsuite name="pytest" errors="0" failures="0" skipped="4" tests="160" time="4.355" timestamp="2026-08-24T10:31:26.101111-03:00" hostname="R1007074N"><testcase classname="tests.integration.test_playwright_real" name="test_real_playwright_launch_and_close" time="1.159" /><testcase classname="tests.integration.test_voice_real" name="test_real_microphone_vad_captures_a_spoken_turn" time="0.000"><skipped type="pytest.skip" message="set KIARA_RUN_VOICE_INTEGRATION=1 with a real microphone to run">C:\Users\EduardoGonçalves\Desktop\KIARA\tests\integration\test_voice_real.py:10: set KIARA_RUN_VOICE_INTEGRATION=1 with a real microphone to run</skipped></testcase><testcase classname="tests.integration.test_windows_acceptance" name="test_ui_starts_and_stops_offscreen_without_orphan_thread" time="0.096" /><testcase classname="tests.integration.test_windows_acceptance" name="test_active_window_context_is_observable" time="0.016"><skipped type="pytest.skip" message="interactive foreground window unavailable in this Windows session">C:\Users\EduardoGonçalves\Desktop\KIARA\tests\integration\test_windows_acceptance.py:79: interactive foreground window unavailable in this Windows session</skipped></testcase><testcase classname="tests.integration.test_windows_acceptance" name="test_open_notepad_and_close_only_test_owned_process" time="0.983" /><testcase classname="tests.integration.test_windows_acceptance" name="test_hostname_requires_confirmation_and_then_executes" time="0.364" /><testcase classname="tests.integration.test_windows_acceptance" name="test_background_runtime_lifecycle_is_idempotent" time="0.018" /><testcase classname="tests.integration.test_windows_acceptance" name="test_active_window_screenshot_is_ephemeral_in_memory" time="0.005"><skipped type="pytest.skip" message="no capturable foreground window">C:\Users\EduardoGonçalves\Desktop\KIARA\tests\integration\test_windows_acceptance.py:164: no capturable foreground window</skipped></testcase><testcase classname="tests.integration.test_windows_acceptance" name="test_real_uia_locates_owned_notepad_window" time="0.001"><skipped type="pytest.skip" message="set KIARA_RUN_UIA_INTEGRATION=1 in an interactive desktop session">C:\Users\EduardoGonçalves\Desktop\KIARA\tests\integration\test_windows_acceptance.py:173: set KIARA_RUN_UIA_INTEGRATION=1 in an interactive desktop session</skipped></testcase><testcase classname="tests.test_accessibility_performance" name="test_metrics_memory_is_bounded" time="0.002" /><testcase classname="tests.test_accessibility_performance" name="test_screen_polling_has_minimum_interval_and_stops_promptly" time="0.033" /><testcase classname="tests.test_accessibility_performance" name="test_ui_accessibility_names_shortcuts_and_bounded_history" time="0.055" /><testcase classname="tests.test_advanced_memory_planning" name="test_memory_profiles_revision_provenance_and_explanation" time="0.012" /><testcase classname="tests.test_advanced_memory_planning" name="test_safe_consolidation_preserves_sources_as_version_history" time="0.011" /><testcase classname="tests.test_advanced_memory_planning" name="test_v1_database_is_migrated_without_data_loss" time="0.022" /><testcase classname="tests.test_advanced_memory_planning" name="test_memory_shared_connection_serializes_ui_and_core_threads" time="0.187" /><testcase classname="tests.test_advanced_memory_planning" name="test_v2_database_is_not_remigrated_on_reopen" time="0.015" /><testcase classname="tests.test_advanced_memory_planning" name="test_plan_store_persists_pause_resume_and_checkpoint" time="0.013" /><testcase classname="tests.test_agent_router" name="test_selects_domain_specialist_and_generalist_fallback" time="0.000" /><testcase classname="tests.test_agent_router" name="test_selects_multiple_relevant_specialists" time="0.001" /><testcase classname="tests.test_agent_router" name="test_composes_multi_specialist_answers" time="0.002" /><testcase classname="tests.test_agent_router" name="test_specialists_never_receive_tools_or_claim_execution" time="0.001" /><testcase classname="tests.test_audit_timeline" name="test_audit_timeline_is_bounded_redacted_and_exportable" time="0.004" /><testcase classname="tests.test_automation" name="test_event_automation_runs_matching_handler" time="0.013" /><testcase classname="tests.test_automation" name="test_scheduled_automation_is_disabled_after_run" time="0.015" /><testcase classname="tests.test_automation" name="test_recurring_requires_safe_interval" time="0.010" /><testcase classname="tests.test_automation" name="test_event_is_idempotent_with_persistent_event_id" time="0.015" /><testcase classname="tests.test_automation" name="test_retry_is_limited_and_persisted" time="0.025" /><testcase classname="tests.test_automation" name="test_condition_and_event_bus_lifecycle" time="0.017" /><testcase classname="tests.test_automation" name="test_tool_registry_path_executes_narrow_action" time="0.018" /><testcase classname="tests.test_automation" name="test_preview_does_not_persist_and_teaching_draft_is_disabled" time="0.014" /><testcase classname="tests.test_automation" name="test_template_returns_independent_disabled_copy" time="0.001" /><testcase classname="tests.test_automation" name="test_history_and_explicit_failed_retry" time="0.020" /><testcase classname="tests.test_automation" name="test_failed_failure_handler_does_not_republish_recursively" time="0.017" /><testcase classname="tests.test_browser" name="test_browser_rejects_unsafe_urls[http://example.com]" time="0.001" /><testcase classname="tests.test_browser" name="test_browser_rejects_unsafe_urls[file:///tmp/x]" time="0.001" /><testcase classname="tests.test_browser" name="test_browser_rejects_unsafe_urls[https://u:p@example.com]" time="0.001" /><testcase classname="tests.test_browser" name="test_browser_rejects_unsafe_urls[javascript:alert(1)]" time="0.001" /><testcase classname="tests.test_browser" name="test_browser_rejects_unsafe_urls[https://localhost]" time="0.001" /><testcase classname="tests.test_browser" name="test_browser_rejects_unsafe_urls[https://127.0.0.1]" time="0.001" /><testcase classname="tests.test_browser" name="test_browser_rejects_unsafe_urls[https://169.254.169.254]" time="0.013" /><testcase classname="tests.test_browser" name="test_browser_accepts_https" time="0.000" /><testcase classname="tests.test_browser" name="test_browser_rejects_hostname_resolving_to_private_ip" time="0.003" /><testcase classname="tests.test_browser" name="test_request_guard_aborts_private_subresources" time="0.002" /><testcase classname="tests.test_communications" name="test_chained_credentials_does_not_require_persisted_config" time="0.000" /><testcase classname="tests.test_communications" name="test_graph_message_passes_idempotency_key" time="0.002" /><testcase classname="tests.test_communications" name="test_graph_reads_without_mutation" time="0.002" /><testcase classname="tests.test_communications" name="test_gmail_builds_real_api_request_offline" time="0.001" /><testcase classname="tests.test_communications" name="test_missing_graph_credential_fails_before_network" time="0.001" /><testcase classname="tests.test_computer_use" name="test_uia_first_click_and_post_condition_without_coordinates" time="0.003" /><testcase classname="tests.test_computer_use" name="test_action_records_ephemeral_before_after_visual_validation" time="0.003" /><testcase classname="tests.test_computer_use" name="test_type_requires_verified_result" time="0.004" /><testcase classname="tests.test_computer_use" name="test_failed_post_condition_is_reported" time="0.004" /><testcase classname="tests.test_computer_use" name="test_vision_is_opt_in_fallback_and_returns_selector_not_coordinates" time="0.004" /><testcase classname="tests.test_computer_use" name="test_tools_validate_schema_text_limit_and_key_allowlist" time="0.001" /><testcase classname="tests.test_computer_use" name="test_locate_tool_is_read_only_and_returns_no_native_handle" time="0.003" /><testcase classname="tests.test_computer_use_vision" name="test_vision_fallback_returns_only_semantic_selector" time="0.003" /><testcase classname="tests.test_computer_use_vision" name="test_vision_fallback_rejects_coordinates" time="0.002" /><testcase classname="tests.test_config" name="test_missing_config_uses_safe_defaults" time="0.002" /><testcase classname="tests.test_config" name="test_frozen_build_separates_bundled_config_and_writable_data" time="0.003" /><testcase classname="tests.test_desktop_bootstrap" name="test_desktop_bootstrap_lazily_delegates" time="0.011" /><testcase classname="tests.test_desktop_panels_release" name="test_autostart_command_is_explicit_and_does_not_enable" time="0.001" /><testcase classname="tests.test_desktop_panels_release" name="test_pyinstaller_spec_and_build_script_smoke" time="0.002" /><testcase classname="tests.test_desktop_panels_release" name="test_panels_and_overlay_render_offscreen" time="0.007" /><testcase classname="tests.test_desktop_panels_release" name="test_panel_counts_use_independent_read_connections" time="0.023" /><testcase classname="tests.test_email" name="test_email_requires_draft_and_cannot_replay" time="0.009" /><testcase classname="tests.test_email" name="test_email_validates_recipient" time="0.006" /><testcase classname="tests.test_event_bus" name="test_event_bus_delivers_payload" time="0.002" /><testcase classname="tests.test_intents" name="test_routes_application_without_hardcoding_notepad" time="0.001" /><testcase classname="tests.test_intents" name="test_routes_powershell_acceptance_phrase" time="0.000" /><testcase classname="tests.test_intents" name="test_routes_url" time="0.000" /><testcase classname="tests.test_knowledge" name="test_ingests_txt_chunks_metadata_and_deduplicates" time="0.015" /><testcase classname="tests.test_knowledge" name="test_markdown_and_pdf_extractor_contract" time="0.033" /><testcase classname="tests.test_knowledge" name="test_hybrid_search_uses_embeddings_and_lexical_fallback" time="0.024" /><testcase classname="tests.test_knowledge" name="test_context_manager_surfaces_relevant_knowledge" time="0.014" /><testcase classname="tests.test_lifecycle_regressions" name="test_background_start_propagates_failure" time="0.010" /><testcase classname="tests.test_lifecycle_regressions" name="test_async_background_lifecycle_uses_callers_loop" time="0.010" /><testcase classname="tests.test_lifecycle_regressions" name="test_memory_connection_can_move_to_serialized_owner_thread" time="0.010" /><testcase classname="tests.test_lifecycle_regressions" name="test_request_worker_reuses_one_event_loop" time="0.013" /><testcase classname="tests.test_local_embeddings" name="test_local_embeddings_are_deterministic_and_semantically_overlap" time="0.002" /><testcase classname="tests.test_management_panels" name="test_automation_panel_create_toggle_delete_with_preview" time="0.048" /><testcase classname="tests.test_management_panels" name="test_management_panels_expose_accessible_names_and_selection_state" time="0.029" /><testcase classname="tests.test_management_panels" name="test_memory_panel_forget_ingest_and_remove" time="0.034" /><testcase classname="tests.test_management_panels" name="test_autonomy_change_requires_confirmation" time="0.025" /><testcase classname="tests.test_memory" name="test_all_memory_kinds_and_metadata_are_persisted" time="0.015" /><testcase classname="tests.test_memory" name="test_lexical_relevance_importance_and_recency_rank_results" time="0.011" /><testcase classname="tests.test_memory" name="test_expired_memories_are_hidden_and_purged" time="0.011" /><testcase classname="tests.test_memory" name="test_embedding_provider_is_optional_and_contributes_to_score" time="0.011" /><testcase classname="tests.test_memory" name="test_context_manager_surfaces_relevant_memory" time="0.026" /><testcase classname="tests.test_metrics" name="test_metrics_summary_is_bounded_and_aggregated" time="0.000" /><testcase classname="tests.test_permissions" name="test_critical_action_requires_confirmation" time="0.000" /><testcase classname="tests.test_permissions" name="test_read_only_allowed_in_observe" time="0.000" /><testcase classname="tests.test_proactivity" name="test_low_only_allows_important_notice_and_applies_cooldown" time="0.001" /><testcase classname="tests.test_proactivity" name="test_off_never_notifies" time="0.001" /><testcase classname="tests.test_proactivity_service" name="test_proactivity_emits_rate_limited_notification" time="0.002" /><testcase classname="tests.test_proactivity_service" name="test_proactivity_calls_user_notifier" time="0.002" /><testcase classname="tests.test_providers" name="test_openai_text_and_vision_payloads_without_network" time="0.027" /><testcase classname="tests.test_providers" name="test_ollama_uses_injected_transport_without_network" time="0.006" /><testcase classname="tests.test_providers" name="test_factory_defaults_to_safe_local_provider" time="0.000" /><testcase classname="tests.test_providers" name="test_factory_never_reads_openai_secret_from_yaml" time="0.000" /><testcase classname="tests.test_providers" name="test_factory_rejects_unknown_provider" time="0.000" /><testcase classname="tests.test_redaction" name="test_redacts_secret_values" time="0.000" /><testcase classname="tests.test_redaction" name="test_redacts_structured_secret_values" time="0.000" /><testcase classname="tests.test_redaction" name="test_redacts_tool_text_and_message_bodies" time="0.001" /><testcase classname="tests.test_registry" name="test_registry_executes_and_audits" time="0.003" /><testcase classname="tests.test_registry" name="test_registry_redacts_sensitive_confirmation_and_audit" time="0.003" /><testcase classname="tests.test_runtime" name="test_background_services_start_and_stop" time="0.011" /><testcase classname="tests.test_screen_perception" name="test_poll_publishes_only_when_context_changes" time="0.003" /><testcase classname="tests.test_screen_perception" name="test_disabled_features_do_not_inspect_or_capture" time="0.002" /><testcase classname="tests.test_screen_perception" name="test_capture_is_active_window_only_and_in_memory" time="0.003" /><testcase classname="tests.test_screen_perception" name="test_minimized_window_is_not_captured" time="0.003" /><testcase classname="tests.test_screen_perception" name="test_ocr_is_opt_in_and_used_only_as_fallback" time="0.003" /><testcase classname="tests.test_screen_perception" name="test_visual_change_emits_metadata_only_and_obeys_cooldown" time="0.003" /><testcase classname="tests.test_screen_perception" name="test_visual_sampling_is_opt_in" time="0.003" /><testcase classname="tests.test_screen_perception" name="test_uia_error_detection_is_opt_in_and_deduplicated" time="0.003" /><testcase classname="tests.test_screen_perception" name="test_options_are_loaded_from_feature_flags" time="0.002" /><testcase classname="tests.test_screen_perception" name="test_screen_intelligence_options_are_loaded" time="0.002" /><testcase classname="tests.test_security_hardening" name="test_url_tool_rejects_non_https_or_embedded_credentials[http://example.com]" time="0.001" /><testcase classname="tests.test_security_hardening" name="test_url_tool_rejects_non_https_or_embedded_credentials[file:///tmp/a]" time="0.001" /><testcase classname="tests.test_security_hardening" name="test_url_tool_rejects_non_https_or_embedded_credentials[https://user:secret@example.com]" time="0.000" /><testcase classname="tests.test_security_hardening" name="test_url_tool_accepts_https" time="0.001" /><testcase classname="tests.test_security_hardening" name="test_powershell_output_is_bounded" time="0.001" /><testcase classname="tests.test_security_hardening" name="test_audit_has_action_id_and_redacts_parameters" time="0.007" /><testcase classname="tests.test_task_planner" name="test_full_goal_plan_action_observation_validation_loop" time="0.003" /><testcase classname="tests.test_task_planner" name="test_safe_retry_is_bounded_and_sensitive_action_never_auto_retries" time="0.005" /><testcase classname="tests.test_task_planner" name="test_llm_cannot_call_tools_directly_or_bypass_contract[{&quot;tool&quot;:&quot;schema_action&quot;,&quot;parameters&quot;:{&quot;value&quot;:&quot;x&quot;}}]" time="0.004" /><testcase classname="tests.test_task_planner" name="test_llm_cannot_call_tools_directly_or_bypass_contract[{&quot;steps&quot;:[{&quot;tool&quot;:&quot;unknown&quot;,&quot;parameters&quot;:{},&quot;validation&quot;:{&quot;output_contains&quot;:&quot;x&quot;}}]}]" time="0.003" /><testcase classname="tests.test_task_planner" name="test_llm_cannot_call_tools_directly_or_bypass_contract[{&quot;steps&quot;:[{&quot;tool&quot;:&quot;schema_action&quot;,&quot;parameters&quot;:{&quot;value&quot;:&quot;x&quot;},&quot;validation&quot;:{}}]}]" time="0.003" /><testcase classname="tests.test_task_planner" name="test_llm_cannot_call_tools_directly_or_bypass_contract[{&quot;steps&quot;:[{&quot;tool&quot;:&quot;schema_action&quot;,&quot;parameters&quot;:{&quot;value&quot;:&quot;x&quot;},&quot;validation&quot;:{&quot;output_contains&quot;:&quot;&quot;}}]}]" time="0.003" /><testcase classname="tests.test_task_planner" name="test_llm_cannot_call_tools_directly_or_bypass_contract[{&quot;steps&quot;:[{&quot;tool&quot;:&quot;schema_action&quot;,&quot;parameters&quot;:{&quot;value&quot;:&quot;x&quot;},&quot;validation&quot;:{&quot;metadata_equals&quot;:{}}}]}]" time="0.003" /><testcase classname="tests.test_task_planner" name="test_llm_cannot_call_tools_directly_or_bypass_contract[{&quot;steps&quot;:[]}]" time="0.003" /><testcase classname="tests.test_task_planner" name="test_validation_failure_stops_following_steps" time="0.004" /><testcase classname="tests.test_task_planner" name="test_agent_core_complex_execution_is_disabled_by_default" time="0.011" /><testcase classname="tests.test_voice" name="test_listen_interrupts_tts_before_capture" time="0.001" /><testcase classname="tests.test_voice" name="test_listen_reports_capture_and_transcription_states" time="0.001" /><testcase classname="tests.test_voice" name="test_cancel_stops_input_and_output" time="0.000" /><testcase classname="tests.test_voice" name="test_speak_delegates_without_hardware" time="0.000" /><testcase classname="tests.test_voice" name="test_voice_factory_is_disabled_by_default" time="0.000" /><testcase classname="tests.test_voice" name="test_voice_factory_does_not_initialize_optional_backends" time="0.000" /><testcase classname="tests.test_voice" name="test_voice_factory_supports_opt_in_always_on_wake_monitor" time="0.000" /><testcase classname="tests.test_voice" name="test_always_on_monitor_requires_wake_word_for_every_turn" time="0.001" /><testcase classname="tests.test_voice" name="test_wake_word_is_consumed_and_activates_conversation" time="0.000" /><testcase classname="tests.test_voice" name="test_required_wake_word_rejects_unactivated_turn" time="0.002" /><testcase classname="tests.test_voice" name="test_conversation_mode_allows_followup_without_wake_word" time="0.000" /><testcase classname="tests.test_voice" name="test_energy_vad_detects_start_and_end_without_hardware" time="0.001" /><testcase classname="tests.test_voice" name="test_vad_ignores_short_impulse_before_endpointing" time="0.001" /><testcase classname="tests.test_voice" name="test_incidental_wake_word_mention_does_not_activate" time="0.001" /><testcase classname="tests.test_voice" name="test_protected_conversation_requires_address_each_turn" time="0.001" /><testcase classname="tests.test_voice_synthesis" name="test_normalization_removes_visual_markup_and_preserves_content" time="0.002" /><testcase classname="tests.test_voice_synthesis" name="test_chunking_uses_boundaries_and_preserves_every_word" time="0.001" /><testcase classname="tests.test_voice_synthesis" name="test_chunking_keeps_unusually_long_token_intact" time="0.001" /><testcase classname="tests.test_voice_synthesis" name="test_sapi_auto_selects_installed_brazilian_portuguese_voice" time="0.000" /><testcase classname="tests.test_voice_synthesis" name="test_explicit_voice_name_overrides_locale_selection" time="0.000" /><testcase classname="tests.test_voice_synthesis" name="test_voice_factory_uses_gentle_default_profile" time="0.003" /><testcase classname="tests.test_voice_ui" name="test_voice_worker_emits_lifecycle_and_transcript" time="0.001" /><testcase classname="tests.test_voice_ui" name="test_voice_worker_recovers_from_optional_backend_failure" time="0.001" /><testcase classname="tests.test_voice_ui" name="test_voice_worker_reports_speaking_state" time="0.001" /><testcase classname="tests.test_windows_installer" name="test_installer_has_stable_per_user_upgrade_identity" time="0.001" /><testcase classname="tests.test_windows_installer" name="test_shortcuts_and_autostart_are_opt_in_and_uninstalled" time="0.001" /><testcase classname="tests.test_windows_installer" name="test_release_pipeline_gates_unsigned_artifacts" time="0.001" /></testsuite></testsuites>