<?xml version="1.0" encoding="utf-8"?><testsuites name="pytest tests"><testsuite name="pytest" errors="0" failures="0" skipped="2" tests="96" time="2.980" timestamp="2026-08-24T09:17:23.399319-03:00" hostname="R1007074N"><testcase classname="tests.integration.test_playwright_real" name="test_real_playwright_launch_and_close" time="0.769" /><testcase classname="tests.integration.test_windows_acceptance" name="test_ui_starts_and_stops_offscreen_without_orphan_thread" time="0.021" /><testcase classname="tests.integration.test_windows_acceptance" name="test_active_window_context_is_observable" time="0.005"><skipped type="pytest.skip" message="interactive foreground window unavailable in this Windows session">C:\Users\EduardoGonçalves\Desktop\KIARA\tests\integration\test_windows_acceptance.py:77: interactive foreground window unavailable in this Windows session</skipped></testcase><testcase classname="tests.integration.test_windows_acceptance" name="test_open_notepad_and_close_only_test_owned_process" time="0.864" /><testcase classname="tests.integration.test_windows_acceptance" name="test_hostname_requires_confirmation_and_then_executes" time="0.303" /><testcase classname="tests.integration.test_windows_acceptance" name="test_background_runtime_lifecycle_is_idempotent" time="0.011" /><testcase classname="tests.integration.test_windows_acceptance" name="test_active_window_screenshot_is_ephemeral_in_memory" time="0.004"><skipped type="pytest.skip" message="no capturable foreground window">C:\Users\EduardoGonçalves\Desktop\KIARA\tests\integration\test_windows_acceptance.py:162: no capturable foreground window</skipped></testcase><testcase classname="tests.test_accessibility_performance" name="test_metrics_memory_is_bounded" time="0.001" /><testcase classname="tests.test_accessibility_performance" name="test_screen_polling_has_minimum_interval_and_stops_promptly" time="0.034" /><testcase classname="tests.test_accessibility_performance" name="test_ui_accessibility_names_shortcuts_and_bounded_history" time="0.046" /><testcase classname="tests.test_agent_router" name="test_selects_domain_specialist_and_generalist_fallback" time="0.000" /><testcase classname="tests.test_agent_router" name="test_selects_multiple_relevant_specialists" time="0.000" /><testcase classname="tests.test_agent_router" name="test_composes_multi_specialist_answers" time="0.014" /><testcase classname="tests.test_agent_router" name="test_specialists_never_receive_tools_or_claim_execution" time="0.002" /><testcase classname="tests.test_automation" name="test_event_automation_runs_matching_handler" time="0.025" /><testcase classname="tests.test_automation" name="test_scheduled_automation_is_disabled_after_run" time="0.013" /><testcase classname="tests.test_automation" name="test_recurring_requires_safe_interval" time="0.008" /><testcase classname="tests.test_automation" name="test_event_is_idempotent_with_persistent_event_id" time="0.030" /><testcase classname="tests.test_automation" name="test_retry_is_limited_and_persisted" time="0.012" /><testcase classname="tests.test_automation" name="test_condition_and_event_bus_lifecycle" time="0.015" /><testcase classname="tests.test_automation" name="test_tool_registry_path_executes_narrow_action" time="0.012" /><testcase classname="tests.test_browser" name="test_browser_rejects_unsafe_urls[http://example.com]" time="0.001" /><testcase classname="tests.test_browser" name="test_browser_rejects_unsafe_urls[file:///tmp/x]" time="0.000" /><testcase classname="tests.test_browser" name="test_browser_rejects_unsafe_urls[https://u:p@example.com]" time="0.000" /><testcase classname="tests.test_browser" name="test_browser_rejects_unsafe_urls[javascript:alert(1)]" time="0.000" /><testcase classname="tests.test_browser" name="test_browser_rejects_unsafe_urls[https://localhost]" time="0.001" /><testcase classname="tests.test_browser" name="test_browser_rejects_unsafe_urls[https://127.0.0.1]" time="0.001" /><testcase classname="tests.test_browser" name="test_browser_rejects_unsafe_urls[https://169.254.169.254]" time="0.001" /><testcase classname="tests.test_browser" name="test_browser_accepts_https" time="0.000" /><testcase classname="tests.test_communications" name="test_chained_credentials_does_not_require_persisted_config" time="0.000" /><testcase classname="tests.test_communications" name="test_graph_message_passes_idempotency_key" time="0.001" /><testcase classname="tests.test_communications" name="test_graph_reads_without_mutation" time="0.001" /><testcase classname="tests.test_communications" name="test_gmail_builds_real_api_request_offline" time="0.007" /><testcase classname="tests.test_communications" name="test_missing_graph_credential_fails_before_network" time="0.002" /><testcase classname="tests.test_computer_use" name="test_uia_first_click_and_post_condition_without_coordinates" time="0.003" /><testcase classname="tests.test_computer_use" name="test_type_requires_verified_result" time="0.002" /><testcase classname="tests.test_computer_use" name="test_failed_post_condition_is_reported" time="0.003" /><testcase classname="tests.test_computer_use" name="test_vision_is_opt_in_fallback_and_returns_selector_not_coordinates" time="0.002" /><testcase classname="tests.test_computer_use" name="test_tools_validate_schema_text_limit_and_key_allowlist" time="0.001" /><testcase classname="tests.test_computer_use" name="test_locate_tool_is_read_only_and_returns_no_native_handle" time="0.002" /><testcase classname="tests.test_config" name="test_missing_config_uses_safe_defaults" time="0.002" /><testcase classname="tests.test_desktop_bootstrap" name="test_desktop_bootstrap_lazily_delegates" time="0.009" /><testcase classname="tests.test_email" name="test_email_requires_draft_and_cannot_replay" time="0.009" /><testcase classname="tests.test_email" name="test_email_validates_recipient" time="0.004" /><testcase classname="tests.test_event_bus" name="test_event_bus_delivers_payload" time="0.002" /><testcase classname="tests.test_intents" name="test_routes_application_without_hardcoding_notepad" time="0.000" /><testcase classname="tests.test_intents" name="test_routes_powershell_acceptance_phrase" time="0.000" /><testcase classname="tests.test_intents" name="test_routes_url" time="0.000" /><testcase classname="tests.test_knowledge" name="test_ingests_txt_chunks_metadata_and_deduplicates" time="0.017" /><testcase classname="tests.test_knowledge" name="test_markdown_and_pdf_extractor_contract" time="0.014" /><testcase classname="tests.test_knowledge" name="test_hybrid_search_uses_embeddings_and_lexical_fallback" time="0.015" /><testcase classname="tests.test_knowledge" name="test_context_manager_surfaces_relevant_knowledge" time="0.032" /><testcase classname="tests.test_lifecycle_regressions" name="test_background_start_propagates_failure" time="0.020" /><testcase classname="tests.test_lifecycle_regressions" name="test_async_background_lifecycle_uses_callers_loop" time="0.018" /><testcase classname="tests.test_lifecycle_regressions" name="test_memory_connection_can_move_to_serialized_owner_thread" time="0.020" /><testcase classname="tests.test_lifecycle_regressions" name="test_request_worker_reuses_one_event_loop" time="0.016" /><testcase classname="tests.test_memory" name="test_all_memory_kinds_and_metadata_are_persisted" time="0.022" /><testcase classname="tests.test_memory" name="test_lexical_relevance_importance_and_recency_rank_results" time="0.016" /><testcase classname="tests.test_memory" name="test_expired_memories_are_hidden_and_purged" time="0.015" /><testcase classname="tests.test_memory" name="test_embedding_provider_is_optional_and_contributes_to_score" time="0.018" /><testcase classname="tests.test_memory" name="test_context_manager_surfaces_relevant_memory" time="0.020" /><testcase classname="tests.test_metrics" name="test_metrics_summary_is_bounded_and_aggregated" time="0.001" /><testcase classname="tests.test_permissions" name="test_critical_action_requires_confirmation" time="0.001" /><testcase classname="tests.test_permissions" name="test_read_only_allowed_in_observe" time="0.021" /><testcase classname="tests.test_proactivity" name="test_low_only_allows_important_notice_and_applies_cooldown" time="0.001" /><testcase classname="tests.test_proactivity" name="test_off_never_notifies" time="0.001" /><testcase classname="tests.test_providers" name="test_openai_text_and_vision_payloads_without_network" time="0.048" /><testcase classname="tests.test_providers" name="test_ollama_uses_injected_transport_without_network" time="0.009" /><testcase classname="tests.test_providers" name="test_factory_defaults_to_safe_local_provider" time="0.001" /><testcase classname="tests.test_providers" name="test_factory_never_reads_openai_secret_from_yaml" time="0.001" /><testcase classname="tests.test_providers" name="test_factory_rejects_unknown_provider" time="0.001" /><testcase classname="tests.test_redaction" name="test_redacts_secret_values" time="0.001" /><testcase classname="tests.test_redaction" name="test_redacts_structured_secret_values" time="0.001" /><testcase classname="tests.test_registry" name="test_registry_executes_and_audits" time="0.008" /><testcase classname="tests.test_runtime" name="test_background_services_start_and_stop" time="0.021" /><testcase classname="tests.test_screen_perception" name="test_poll_publishes_only_when_context_changes" time="0.004" /><testcase classname="tests.test_screen_perception" name="test_disabled_features_do_not_inspect_or_capture" time="0.002" /><testcase classname="tests.test_screen_perception" name="test_capture_is_active_window_only_and_in_memory" time="0.004" /><testcase classname="tests.test_screen_perception" name="test_minimized_window_is_not_captured" time="0.003" /><testcase classname="tests.test_screen_perception" name="test_ocr_is_opt_in_and_used_only_as_fallback" time="0.004" /><testcase classname="tests.test_screen_perception" name="test_options_are_loaded_from_feature_flags" time="0.003" /><testcase classname="tests.test_security_hardening" name="test_url_tool_rejects_non_https_or_embedded_credentials[http://example.com]" time="0.001" /><testcase classname="tests.test_security_hardening" name="test_url_tool_rejects_non_https_or_embedded_credentials[file:///tmp/a]" time="0.001" /><testcase classname="tests.test_security_hardening" name="test_url_tool_rejects_non_https_or_embedded_credentials[https://user:secret@example.com]" time="0.001" /><testcase classname="tests.test_security_hardening" name="test_url_tool_accepts_https" time="0.001" /><testcase classname="tests.test_security_hardening" name="test_powershell_output_is_bounded" time="0.002" /><testcase classname="tests.test_security_hardening" name="test_audit_has_action_id_and_redacts_parameters" time="0.005" /><testcase classname="tests.test_voice" name="test_listen_interrupts_tts_before_capture" time="0.001" /><testcase classname="tests.test_voice" name="test_listen_reports_capture_and_transcription_states" time="0.001" /><testcase classname="tests.test_voice" name="test_cancel_stops_input_and_output" time="0.001" /><testcase classname="tests.test_voice" name="test_speak_delegates_without_hardware" time="0.001" /><testcase classname="tests.test_voice" name="test_voice_factory_is_disabled_by_default" time="0.001" /><testcase classname="tests.test_voice" name="test_voice_factory_does_not_initialize_optional_backends" time="0.001" /><testcase classname="tests.test_voice_ui" name="test_voice_worker_emits_lifecycle_and_transcript" time="0.001" /><testcase classname="tests.test_voice_ui" name="test_voice_worker_recovers_from_optional_backend_failure" time="0.001" /><testcase classname="tests.test_voice_ui" name="test_voice_worker_reports_speaking_state" time="0.001" /></testsuite></testsuites>